<?xml version="1.0" encoding="UTF-8"?>
<!-- Generated by org.testng.reporters.JUnitReportReporter -->
<testsuite hostname="Rohit-RG" failures="0" tests="1" name="Demo.Axis.Immegration" time="14.007" errors="0" timestamp="2024-02-29T16:53:41 IST" skipped="0">
  <testcase classname="Demo.Axis.Immegration" name="log" time="14.007"/>
  <system-out/>
</testsuite> <!-- Demo.Axis.Immegration -->
