<?xml version="1.0" encoding="UTF-8"?>
<!-- Generated by org.testng.reporters.JUnitReportReporter -->
<testsuite hostname="Rohit-RG" failures="0" tests="4" name="Demo.Axis.Grouping" time="0.009" errors="0" timestamp="2024-02-27T09:55:51 IST" skipped="0">
  <testcase classname="Demo.Axis.Grouping" name="Orders" time="0.003"/>
  <system-out/>
  <testcase classname="Demo.Axis.Grouping" name="login" time="0.002"/>
  <system-out/>
  <testcase classname="Demo.Axis.Grouping" name="ProductsListed" time="0.002"/>
  <system-out/>
  <testcase classname="Demo.Axis.Grouping" name="AddtoCart" time="0.002"/>
  <system-out/>
</testsuite> <!-- Demo.Axis.Grouping -->
