<?xml version="1.0" encoding="UTF-8"?>
<!-- Generated by org.testng.reporters.JUnitReportReporter -->
<testsuite hostname="Rohit-RG" failures="0" tests="1" name="Demo.Axis.Job" time="12.556" errors="0" timestamp="2024-02-29T16:53:41 IST" skipped="0">
  <testcase classname="Demo.Axis.Job" name="log" time="12.556"/>
  <system-out/>
</testsuite> <!-- Demo.Axis.Job -->
