<?xml version="1.0" encoding="UTF-8"?>
<!-- Generated by org.testng.reporters.JUnitReportReporter -->
<testsuite hostname="Rohit-RG" failures="0" tests="2" name="Demo.Axis.Test1" time="1.211" errors="0" timestamp="2024-02-27T09:55:51 IST" skipped="0">
  <testcase classname="Demo.Axis.Test1" name="configLogin1" time="0.051"/>
  <system-out/>
  <testcase classname="Demo.Axis.Test1" name="configLogin" time="1.160"/>
  <system-out/>
</testsuite> <!-- Demo.Axis.Test1 -->
