<?xml version="1.0" encoding="UTF-8"?>
<!-- Generated by org.testng.reporters.JUnitReportReporter -->
<testsuite hostname="Rohit-RG" failures="0" tests="1" name="Demo.Axis.Job" time="12.566" errors="0" timestamp="2024-02-29T17:47:38 IST" skipped="0">
  <testcase classname="Demo.Axis.Job" name="log" time="12.566"/>
  <system-out/>
</testsuite> <!-- Demo.Axis.Job -->
