<?xml version="1.0" encoding="UTF-8"?>
<!-- Generated by org.testng.reporters.JUnitReportReporter -->
<testsuite hostname="Rohit-RG" failures="0" tests="3" name="Demo.Axis.PriorityClass" time="0.007" errors="0" timestamp="2024-02-27T09:55:51 IST" skipped="0">
  <testcase classname="Demo.Axis.PriorityClass" name="GrandParent" time="0.003"/>
  <system-out/>
  <testcase classname="Demo.Axis.PriorityClass" name="Parent" time="0.002"/>
  <system-out/>
  <testcase classname="Demo.Axis.PriorityClass" name="Child" time="0.002"/>
  <system-out/>
</testsuite> <!-- Demo.Axis.PriorityClass -->
