<?xml version="1.0" encoding="UTF-8"?>
<!-- Generated by org.testng.reporters.JUnitReportReporter -->
<testsuite hostname="Rohit-RG" failures="0" tests="1" name="Demo.Axis.Login" time="23.543" errors="0" timestamp="2024-02-29T16:36:06 IST" skipped="0">
  <testcase classname="Demo.Axis.Login" name="log" time="23.543"/>
  <system-out/>
</testsuite> <!-- Demo.Axis.Login -->
